cl : コマンド ライン warning D9035: オプション 'Gm' の使用は現在推奨されていません。今後のバージョンからは削除されます。
  HapticsApp.cpp
C:\OpenHaptics\Developer\3.5.0\examples\HD\console\HapticsApp\HapticsApp.cpp(56,32): warning C4244: '=': 'T' から 'float' への変換です。データが失われる可能性があります。
          with
          [
              T=HDdouble
          ]
C:\OpenHaptics\Developer\3.5.0\examples\HD\console\HapticsApp\HapticsApp.cpp(57,32): warning C4244: '=': 'T' から 'float' への変換です。データが失われる可能性があります。
          with
          [
              T=HDdouble
          ]
C:\OpenHaptics\Developer\3.5.0\examples\HD\console\HapticsApp\HapticsApp.cpp(58,32): warning C4244: '=': 'T' から 'float' への変換です。データが失われる可能性があります。
          with
          [
              T=HDdouble
          ]
C:\OpenHaptics\Developer\3.5.0\examples\HD\console\HapticsApp\HapticsApp.cpp(66,36): warning C4244: '=': 'T' から 'int' への変換です。データが失われる可能性があります。
          with
          [
              T=HDdouble
          ]
C:\OpenHaptics\Developer\3.5.0\examples\HD\console\HapticsApp\HapticsApp.cpp(208,31): warning C4244: '=': 'double' から 'float' への変換です。データが失われる可能性があります。
C:\OpenHaptics\Developer\3.5.0\examples\HD\console\HapticsApp\HapticsApp.cpp(209,31): warning C4244: '=': 'double' から 'float' への変換です。データが失われる可能性があります。
C:\OpenHaptics\Developer\3.5.0\examples\HD\console\HapticsApp\HapticsApp.cpp(210,31): warning C4244: '=': 'double' から 'float' への変換です。データが失われる可能性があります。
C:\OpenHaptics\Developer\3.5.0\examples\HD\console\HapticsApp\HapticsApp.cpp(232,38): warning C4244: '=': 'float' から 'int32_t' への変換です。データが失われる可能性があります。
C:\OpenHaptics\Developer\3.5.0\examples\HD\console\HapticsApp\HapticsApp.cpp(233,38): warning C4244: '=': 'float' から 'int32_t' への変換です。データが失われる可能性があります。
C:\OpenHaptics\Developer\3.5.0\examples\HD\console\HapticsApp\HapticsApp.cpp(234,38): warning C4244: '=': 'float' から 'int32_t' への変換です。データが失われる可能性があります。
C:\OpenHaptics\Developer\3.5.0\examples\HD\console\HapticsApp\HapticsApp.cpp(136,38): warning C4996: 'inet_addr': Use inet_pton() or InetPton() instead or define _WINSOCK_DEPRECATED_NO_WARNINGS to disable deprecated API warnings
C:\OpenHaptics\Developer\3.5.0\examples\HD\console\HapticsApp\HapticsApp.cpp(158,9): warning C4996: 'getch': The POSIX name for this item is deprecated. Instead, use the ISO C and C++ conformant name: _getch. See online help for details.
C:\OpenHaptics\Developer\3.5.0\examples\HD\console\HapticsApp\HapticsApp.cpp(170,9): warning C4996: 'getch': The POSIX name for this item is deprecated. Instead, use the ISO C and C++ conformant name: _getch. See online help for details.
C:\OpenHaptics\Developer\3.5.0\examples\HD\console\HapticsApp\HapticsApp.cpp(188,13): warning C4996: 'getch': The POSIX name for this item is deprecated. Instead, use the ISO C and C++ conformant name: _getch. See online help for details.
  HapticsApp.vcxproj -> C:\OpenHaptics\Developer\3.5.0\examples\HD\console\HapticsApp\Win32\Debug\HapticsApp.exe
